<?xml version="1.0"?>
<testsuite name="Chrome Headless 87.0.4280.141 (Windows 10)" package="" timestamp="2021-01-28T00:42:41" id="0" hostname="PC48442" tests="0" errors="0" failures="0" time="0">
  <properties>
    <property name="browser.fullName" value="Mozilla/5.0 (Windows NT 10.0; Win64; x64) AppleWebKit/537.36 (KHTML, like Gecko) HeadlessChrome/87.0.4280.141 Safari/537.36"/>
  </properties>
  <system-out>
    <![CDATA[
]]>
  </system-out>
  <system-err/>
</testsuite>